Starting project at C:\Users\jaget\Desktop\Online Event AI
Metro is running in CI mode, reloads are disabled. Remove CI=true to enable watch mode.
Starting Metro Bundler
Waiting on http://localhost:8081
Logs for your project will appear below.
Web Bundled 3065ms node_modules\expo-router\entry.js (2876 modules)
Web node_modules\expo-router\entry.js ▓▓▓▓▓▓▓▓▓▓▓▓▓▓▓░ 99.0% (2862/2876)
 LOG  [web] Logs will appear in the browser console
Web node_modules\expo-router\entry.js ░░░░░░░░░░░░░░░░  0.0% (0/1)
Web node_modules\expo-router\entry.js ▓▓▓▓▓▓░░░░░░░░░░ 42.3% ( 22/136)
Web node_modules\expo-router\entry.js ▓▓▓▓▓▓▓▓░░░░░░░░ 52.6% ( 505/2254)
Web node_modules\expo-router\entry.js ▓▓▓▓▓▓▓▓░░░░░░░░ 52.6% (1639/2395)
Web node_modules\expo-router\entry.js ▓▓▓▓▓▓▓▓▓▓▓▓▓▓▓░ 96.2% (2797/2852)
Web Bundled 14954ms node_modules\expo-router\entry.js (2886 modules)
Web node_modules\expo-router\entry.js ░░░░░░░░░░░░░░░░  0.0% (0/1)
Web Bundled 178ms node_modules\expo-router\entry.js (1 module)
Android node_modules\expo-router\entry.js ░░░░░░░░░░░░░░░░  0.0% (0/1)
Android node_modules\expo-router\entry.js ▓▓▓░░░░░░░░░░░░░ 22.0% (137/328)
Android node_modules\expo-router\entry.js ▓▓▓▓▓▓▓▓░░░░░░░░ 50.3% (373/527)
Android node_modules\expo-router\entry.js ▓▓▓▓▓▓▓▓▓▓░░░░░░ 66.4% (780/960)
Android node_modules\expo-router\entry.js ▓▓▓▓▓▓▓▓▓▓▓░░░░░ 73.4% (1281/2663)
Android node_modules\expo-router\entry.js ▓▓▓▓▓▓▓▓▓▓▓░░░░░ 73.4% (2324/2732)
Android node_modules\expo-router\entry.js ▓▓▓▓▓▓▓▓▓▓▓▓▓▓░░ 91.9% (2948/3076)
Android node_modules\expo-router\entry.js ▓▓▓▓▓▓▓▓▓▓▓▓▓▓▓░ 98.9% (3141/3159)
Android node_modules\expo-router\entry.js ▓▓░░░░░░░░░░░░░░ 13.4% (110/301)
Android node_modules\expo-router\entry.js ▓▓▓▓▓▓▓▓▓▓▓▓▓▓▓░ 99.1% (3160/3175)
Android node_modules\expo-router\entry.js ▓▓▓▓▓░░░░░░░░░░░ 33.6% ( 436/2308)
Android node_modules\expo-router\entry.js ▓▓▓▓▓▓▓▓▓▓▓▓▓▓▓░ 99.1% (3189/3212)
Android node_modules\expo-router\entry.js ▓▓▓▓▓░░░░░░░░░░░ 33.6% (1149/2528)
Android node_modules\expo-router\entry.js ▓▓▓▓▓▓▓▓▓▓▓▓▓▓▓░ 99.1% (3210/3224)
Android node_modules\expo-router\entry.js ▓▓▓▓▓▓▓▓▓▓░░░░░░ 68.3% (2230/2698)
Android node_modules\expo-router\entry.js ▓▓▓▓▓▓▓▓▓▓▓▓▓▓▓░ 99.1% (3210/3224)
Android node_modules\expo-router\entry.js ▓▓▓▓▓▓▓▓▓▓▓▓░░░░ 77.6% (2638/2994)
Android node_modules\expo-router\entry.js ▓▓▓▓▓▓▓▓▓▓▓▓▓▓▓░ 99.1% (3210/3224)
Android node_modules\expo-router\entry.js ▓▓▓▓▓▓▓▓▓▓▓▓▓▓▓░ 95.6% (3053/3122)
Android node_modules\expo-router\entry.js ▓▓▓▓▓▓▓▓▓▓▓▓▓▓▓░ 99.9% (3310/3310)
Android node_modules\expo-router\entry.js ▓▓▓▓▓▓▓▓▓▓▓▓▓▓▓░ 99.4% (3266/3310)
Android Bundled 46746ms node_modules\expo-router\entry.js (3310 modules)
Android Bundled 24356ms node_modules\expo-router\entry.js (3310 modules)
