$ DEBUG=expo* bunx rork start -p lz8q7gdk7i8t2azfe95nl --web --tunnel
Starting project at C:\Users\jaget\Desktop\Online Event AI
Starting Metro Bundler
Tunnel connected.
Tunnel ready.
Waiting on http://localhost:8081
Logs for your project will appear below.
Web node_modules\expo-router\entry.js ▓▓▓▓▓▓▓▓▓▓▓▓▓▓▓░ 95.0% (736/755)
Web Bundled 4077ms node_modules\expo-router\entry.js (2889 modules)
 LOG  [web] Logs will appear in the browser console
 ERROR  SyntaxError: C:\Users\jaget\Desktop\Online Event AI\app\home.tsx: Missing semicolon. (645:10)

  643 |   spotlightCard: {
  644 |     marginHorizontal: 20,
> 645 |     height: 220,
      |           ^
  646 |   },
  647 |   spotlightImage: {
  648 |     width: '100%',
    at constructor (C:\Users\jaget\Desktop\Online Event AI\node_modules\@babel\parser\lib\index.js:365:19)
    at TypeScriptParserMixin.raise (C:\Users\jaget\Desktop\Online Event AI\node_modules\@babel\parser\lib\index.js:6599:19)
    at TypeScriptParserMixin.semicolon (C:\Users\jaget\Desktop\Online Event AI\node_modules\@babel\parser\lib\index.js:6895:10)
    at TypeScriptParserMixin.parseExpressionStatement (C:\Users\jaget\Desktop\Online Event AI\node_modules\@babel\parser\lib\index.js:13285:10)
    at TypeScriptParserMixin.parseStatementContent (C:\Users\jaget\Desktop\Online Event AI\node_modules\@babel\parser\lib\index.js:12899:19)
    at TypeScriptParserMixin.parseStatementContent (C:\Users\jaget\Desktop\Online Event AI\node_modules\@babel\parser\lib\index.js:9508:18)
    at TypeScriptParserMixin.parseStatementLike (C:\Users\jaget\Desktop\Online Event AI\node_modules\@babel\parser\lib\index.js:12767:17)
    at TypeScriptParserMixin.parseStatement (C:\Users\jaget\Desktop\Online Event AI\node_modules\@babel\parser\lib\index.js:12760:17)
    at TypeScriptParserMixin.parseLabeledStatement (C:\Users\jaget\Desktop\Online Event AI\node_modules\@babel\parser\lib\index.js:13278:95)
    at TypeScriptParserMixin.parseStatementContent (C:\Users\jaget\Desktop\Online Event AI\node_modules\@babel\parser\lib\index.js:12897:19)
    at TypeScriptParserMixin.parseStatementContent (C:\Users\jaget\Desktop\Online Event AI\node_modules\@babel\parser\lib\index.js:9508:18)
    at TypeScriptParserMixin.parseStatementLike (C:\Users\jaget\Desktop\Online Event AI\node_modules\@babel\parser\lib\index.js:12767:17)
    at TypeScriptParserMixin.parseStatementListItem (C:\Users\jaget\Desktop\Online Event AI\node_modules\@babel\parser\lib\index.js:12747:17)
    at TypeScriptParserMixin.parseBlockOrModuleBlockBody (C:\Users\jaget\Desktop\Online Event AI\node_modules\@babel\parser\lib\index.js:13316:61)
    at TypeScriptParserMixin.parseBlockBody (C:\Users\jaget\Desktop\Online Event AI\node_modules\@babel\parser\lib\index.js:13309:10)
    at TypeScriptParserMixin.parseBlock (C:\Users\jaget\Desktop\Online Event AI\node_modules\@babel\parser\lib\index.js:13297:10)
    at TypeScriptParserMixin.parseStatementContent (C:\Users\jaget\Desktop\Online Event AI\node_modules\@babel\parser\lib\index.js:12858:21)
    at TypeScriptParserMixin.parseStatementContent (C:\Users\jaget\Desktop\Online Event AI\node_modules\@babel\parser\lib\index.js:9508:18)
    at TypeScriptParserMixin.parseStatementLike (C:\Users\jaget\Desktop\Online Event AI\node_modules\@babel\parser\lib\index.js:12767:17)
    at TypeScriptParserMixin.parseStatementOrSloppyAnnexBFunctionDeclaration (C:\Users\jaget\Desktop\Online Event AI\node_modules\@babel\parser\lib\index.js:12757:17)
    at TypeScriptParserMixin.parseLabeledStatement (C:\Users\jaget\Desktop\Online Event AI\node_modules\@babel\parser\lib\index.js:13278:34)
    at TypeScriptParserMixin.parseStatementContent (C:\Users\jaget\Desktop\Online Event AI\node_modules\@babel\parser\lib\index.js:12897:19)
    at TypeScriptParserMixin.parseStatementContent (C:\Users\jaget\Desktop\Online Event AI\node_modules\@babel\parser\lib\index.js:9508:18)
    at TypeScriptParserMixin.parseStatementLike (C:\Users\jaget\Desktop\Online Event AI\node_modules\@babel\parser\lib\index.js:12767:17)
    at TypeScriptParserMixin.parseModuleItem (C:\Users\jaget\Desktop\Online Event AI\node_modules\@babel\parser\lib\index.js:12744:17)
    at TypeScriptParserMixin.parseBlockOrModuleBlockBody (C:\Users\jaget\Desktop\Online Event AI\node_modules\@babel\parser\lib\index.js:13316:36)
    at TypeScriptParserMixin.parseBlockBody (C:\Users\jaget\Desktop\Online Event AI\node_modules\@babel\parser\lib\index.js:13309:10)
    at TypeScriptParserMixin.parseProgram (C:\Users\jaget\Desktop\Online Event AI\node_modules\@babel\parser\lib\index.js:12622:10)
    at TypeScriptParserMixin.parseTopLevel (C:\Users\jaget\Desktop\Online Event AI\node_modules\@babel\parser\lib\index.js:12612:25)
    at TypeScriptParserMixin.parse (C:\Users\jaget\Desktop\Online Event AI\node_modules\@babel\parser\lib\index.js:14488:25)
    at TypeScriptParserMixin.parse (C:\Users\jaget\Desktop\Online Event AI\node_modules\@babel\parser\lib\index.js:10126:18)
    at parse (C:\Users\jaget\Desktop\Online Event AI\node_modules\@babel\parser\lib\index.js:14501:26)
    at parser (C:\Users\jaget\Desktop\Online Event AI\node_modules\@babel\core\lib\parser\index.js:41:34)
    at parser.next (<anonymous>)
    at normalizeFile (C:\Users\jaget\Desktop\Online Event AI\node_modules\@babel\core\lib\transformation\normalize-file.js:64:37)
    at normalizeFile.next (<anonymous>)
    at run (C:\Users\jaget\Desktop\Online Event AI\node_modules\@babel\core\lib\transformation\index.js:22:50)
    at run.next (<anonymous>)
    at transform (C:\Users\jaget\Desktop\Online Event AI\node_modules\@babel\core\lib\transform.js:22:33)
    at transform.next (<anonymous>)
    at evaluateSync (C:\Users\jaget\Desktop\Online Event AI\node_modules\gensync\index.js:251:28)
    at sync (C:\Users\jaget\Desktop\Online Event AI\node_modules\gensync\index.js:89:14)
    at stopHiding - secret - don't use this - v1 (C:\Users\jaget\Desktop\Online Event AI\node_modules\@babel\core\lib\errors\rewrite-stack-trace.js:47:12)
    at Object.transformSync (C:\Users\jaget\Desktop\Online Event AI\node_modules\@babel\core\lib\transform.js:40:76)
    at parseWithBabel (C:\Users\jaget\Desktop\Online Event AI\node_modules\@expo\metro-config\build\transformSync.js:75:18)
    at transformSync (C:\Users\jaget\Desktop\Online Event AI\node_modules\@expo\metro-config\build\transformSync.js:54:16)
    at Object.transform (C:\Users\jaget\Desktop\Online Event AI\node_modules\@expo\metro-config\build\babel-transformer.js:127:58)
    at Object.transform (C:\Users\jaget\Desktop\Online Event AI\node_modules\@rork-ai\toolkit-sdk\metro\transformer.js:128:30)
    at transformJSWithBabel (C:\Users\jaget\Desktop\Online Event AI\node_modules\@expo\metro-config\build\transform-worker\metro-transform-worker.js:468:47)
    at Object.transform (C:\Users\jaget\Desktop\Online Event AI\node_modules\@expo\metro-config\build\transform-worker\metro-transform-worker.js:583:12)
 ERROR  SyntaxError: C:\Users\jaget\Desktop\Online Event AI\app\home.tsx: Missing semicolon. (645:10)

  643 |   spotlightCard: {
  644 |     marginHorizontal: 20,
> 645 |     height: 220,
      |           ^
  646 |   },
  647 |   spotlightImage: {
  648 |     width: '100%',
    at constructor (C:\Users\jaget\Desktop\Online Event AI\node_modules\@babel\parser\lib\index.js:365:19)
    at TypeScriptParserMixin.raise (C:\Users\jaget\Desktop\Online Event AI\node_modules\@babel\parser\lib\index.js:6599:19)
    at TypeScriptParserMixin.semicolon (C:\Users\jaget\Desktop\Online Event AI\node_modules\@babel\parser\lib\index.js:6895:10)
    at TypeScriptParserMixin.parseExpressionStatement (C:\Users\jaget\Desktop\Online Event AI\node_modules\@babel\parser\lib\index.js:13285:10)
    at TypeScriptParserMixin.parseStatementContent (C:\Users\jaget\Desktop\Online Event AI\node_modules\@babel\parser\lib\index.js:12899:19)
    at TypeScriptParserMixin.parseStatementContent (C:\Users\jaget\Desktop\Online Event AI\node_modules\@babel\parser\lib\index.js:9508:18)
    at TypeScriptParserMixin.parseStatementLike (C:\Users\jaget\Desktop\Online Event AI\node_modules\@babel\parser\lib\index.js:12767:17)
    at TypeScriptParserMixin.parseStatement (C:\Users\jaget\Desktop\Online Event AI\node_modules\@babel\parser\lib\index.js:12760:17)
    at TypeScriptParserMixin.parseLabeledStatement (C:\Users\jaget\Desktop\Online Event AI\node_modules\@babel\parser\lib\index.js:13278:95)
    at TypeScriptParserMixin.parseStatementContent (C:\Users\jaget\Desktop\Online Event AI\node_modules\@babel\parser\lib\index.js:12897:19)
    at TypeScriptParserMixin.parseStatementContent (C:\Users\jaget\Desktop\Online Event AI\node_modules\@babel\parser\lib\index.js:9508:18)
    at TypeScriptParserMixin.parseStatementLike (C:\Users\jaget\Desktop\Online Event AI\node_modules\@babel\parser\lib\index.js:12767:17)
    at TypeScriptParserMixin.parseStatementListItem (C:\Users\jaget\Desktop\Online Event AI\node_modules\@babel\parser\lib\index.js:12747:17)
    at TypeScriptParserMixin.parseBlockOrModuleBlockBody (C:\Users\jaget\Desktop\Online Event AI\node_modules\@babel\parser\lib\index.js:13316:61)
    at TypeScriptParserMixin.parseBlockBody (C:\Users\jaget\Desktop\Online Event AI\node_modules\@babel\parser\lib\index.js:13309:10)
    at TypeScriptParserMixin.parseBlock (C:\Users\jaget\Desktop\Online Event AI\node_modules\@babel\parser\lib\index.js:13297:10)
    at TypeScriptParserMixin.parseStatementContent (C:\Users\jaget\Desktop\Online Event AI\node_modules\@babel\parser\lib\index.js:12858:21)
    at TypeScriptParserMixin.parseStatementContent (C:\Users\jaget\Desktop\Online Event AI\node_modules\@babel\parser\lib\index.js:9508:18)
    at TypeScriptParserMixin.parseStatementLike (C:\Users\jaget\Desktop\Online Event AI\node_modules\@babel\parser\lib\index.js:12767:17)
    at TypeScriptParserMixin.parseStatementOrSloppyAnnexBFunctionDeclaration (C:\Users\jaget\Desktop\Online Event AI\node_modules\@babel\parser\lib\index.js:12757:17)
    at TypeScriptParserMixin.parseLabeledStatement (C:\Users\jaget\Desktop\Online Event AI\node_modules\@babel\parser\lib\index.js:13278:34)
    at TypeScriptParserMixin.parseStatementContent (C:\Users\jaget\Desktop\Online Event AI\node_modules\@babel\parser\lib\index.js:12897:19)
    at TypeScriptParserMixin.parseStatementContent (C:\Users\jaget\Desktop\Online Event AI\node_modules\@babel\parser\lib\index.js:9508:18)
    at TypeScriptParserMixin.parseStatementLike (C:\Users\jaget\Desktop\Online Event AI\node_modules\@babel\parser\lib\index.js:12767:17)
    at TypeScriptParserMixin.parseModuleItem (C:\Users\jaget\Desktop\Online Event AI\node_modules\@babel\parser\lib\index.js:12744:17)
    at TypeScriptParserMixin.parseBlockOrModuleBlockBody (C:\Users\jaget\Desktop\Online Event AI\node_modules\@babel\parser\lib\index.js:13316:36)
    at TypeScriptParserMixin.parseBlockBody (C:\Users\jaget\Desktop\Online Event AI\node_modules\@babel\parser\lib\index.js:13309:10)
    at TypeScriptParserMixin.parseProgram (C:\Users\jaget\Desktop\Online Event AI\node_modules\@babel\parser\lib\index.js:12622:10)
    at TypeScriptParserMixin.parseTopLevel (C:\Users\jaget\Desktop\Online Event AI\node_modules\@babel\parser\lib\index.js:12612:25)
    at TypeScriptParserMixin.parse (C:\Users\jaget\Desktop\Online Event AI\node_modules\@babel\parser\lib\index.js:14488:25)
    at TypeScriptParserMixin.parse (C:\Users\jaget\Desktop\Online Event AI\node_modules\@babel\parser\lib\index.js:10126:18)
    at parse (C:\Users\jaget\Desktop\Online Event AI\node_modules\@babel\parser\lib\index.js:14501:26)
    at parser (C:\Users\jaget\Desktop\Online Event AI\node_modules\@babel\core\lib\parser\index.js:41:34)
    at parser.next (<anonymous>)
    at normalizeFile (C:\Users\jaget\Desktop\Online Event AI\node_modules\@babel\core\lib\transformation\normalize-file.js:64:37)
    at normalizeFile.next (<anonymous>)
    at run (C:\Users\jaget\Desktop\Online Event AI\node_modules\@babel\core\lib\transformation\index.js:22:50)
    at run.next (<anonymous>)
    at transform (C:\Users\jaget\Desktop\Online Event AI\node_modules\@babel\core\lib\transform.js:22:33)
    at transform.next (<anonymous>)
    at evaluateSync (C:\Users\jaget\Desktop\Online Event AI\node_modules\gensync\index.js:251:28)
    at sync (C:\Users\jaget\Desktop\Online Event AI\node_modules\gensync\index.js:89:14)
    at stopHiding - secret - don't use this - v1 (C:\Users\jaget\Desktop\Online Event AI\node_modules\@babel\core\lib\errors\rewrite-stack-trace.js:47:12)
    at Object.transformSync (C:\Users\jaget\Desktop\Online Event AI\node_modules\@babel\core\lib\transform.js:40:76)
    at parseWithBabel (C:\Users\jaget\Desktop\Online Event AI\node_modules\@expo\metro-config\build\transformSync.js:75:18)
    at transformSync (C:\Users\jaget\Desktop\Online Event AI\node_modules\@expo\metro-config\build\transformSync.js:54:16)
    at Object.transform (C:\Users\jaget\Desktop\Online Event AI\node_modules\@expo\metro-config\build\babel-transformer.js:127:58)
    at Object.transform (C:\Users\jaget\Desktop\Online Event AI\node_modules\@rork-ai\toolkit-sdk\metro\transformer.js:128:30)
    at transformJSWithBabel (C:\Users\jaget\Desktop\Online Event AI\node_modules\@expo\metro-config\build\transform-worker\metro-transform-worker.js:468:47)
    at Object.transform (C:\Users\jaget\Desktop\Online Event AI\node_modules\@expo\metro-config\build\transform-worker\metro-transform-worker.js:583:12)
 ERROR  SyntaxError: C:\Users\jaget\Desktop\Online Event AI\app\home.tsx: Missing semicolon. (645:10)

  643 |   spotlightCard: {
  644 |     marginHorizontal: 20,
> 645 |     height: 220,
      |           ^
  646 |   },
  647 |   spotlightImage: {
  648 |     width: '100%',
    at constructor (C:\Users\jaget\Desktop\Online Event AI\node_modules\@babel\parser\lib\index.js:365:19)
    at TypeScriptParserMixin.raise (C:\Users\jaget\Desktop\Online Event AI\node_modules\@babel\parser\lib\index.js:6599:19)
    at TypeScriptParserMixin.semicolon (C:\Users\jaget\Desktop\Online Event AI\node_modules\@babel\parser\lib\index.js:6895:10)
    at TypeScriptParserMixin.parseExpressionStatement (C:\Users\jaget\Desktop\Online Event AI\node_modules\@babel\parser\lib\index.js:13285:10)
    at TypeScriptParserMixin.parseStatementContent (C:\Users\jaget\Desktop\Online Event AI\node_modules\@babel\parser\lib\index.js:12899:19)
    at TypeScriptParserMixin.parseStatementContent (C:\Users\jaget\Desktop\Online Event AI\node_modules\@babel\parser\lib\index.js:9508:18)
    at TypeScriptParserMixin.parseStatementLike (C:\Users\jaget\Desktop\Online Event AI\node_modules\@babel\parser\lib\index.js:12767:17)
    at TypeScriptParserMixin.parseStatement (C:\Users\jaget\Desktop\Online Event AI\node_modules\@babel\parser\lib\index.js:12760:17)
    at TypeScriptParserMixin.parseLabeledStatement (C:\Users\jaget\Desktop\Online Event AI\node_modules\@babel\parser\lib\index.js:13278:95)
    at TypeScriptParserMixin.parseStatementContent (C:\Users\jaget\Desktop\Online Event AI\node_modules\@babel\parser\lib\index.js:12897:19)
    at TypeScriptParserMixin.parseStatementContent (C:\Users\jaget\Desktop\Online Event AI\node_modules\@babel\parser\lib\index.js:9508:18)
    at TypeScriptParserMixin.parseStatementLike (C:\Users\jaget\Desktop\Online Event AI\node_modules\@babel\parser\lib\index.js:12767:17)
    at TypeScriptParserMixin.parseStatementListItem (C:\Users\jaget\Desktop\Online Event AI\node_modules\@babel\parser\lib\index.js:12747:17)
    at TypeScriptParserMixin.parseBlockOrModuleBlockBody (C:\Users\jaget\Desktop\Online Event AI\node_modules\@babel\parser\lib\index.js:13316:61)
    at TypeScriptParserMixin.parseBlockBody (C:\Users\jaget\Desktop\Online Event AI\node_modules\@babel\parser\lib\index.js:13309:10)
    at TypeScriptParserMixin.parseBlock (C:\Users\jaget\Desktop\Online Event AI\node_modules\@babel\parser\lib\index.js:13297:10)
    at TypeScriptParserMixin.parseStatementContent (C:\Users\jaget\Desktop\Online Event AI\node_modules\@babel\parser\lib\index.js:12858:21)
    at TypeScriptParserMixin.parseStatementContent (C:\Users\jaget\Desktop\Online Event AI\node_modules\@babel\parser\lib\index.js:9508:18)
    at TypeScriptParserMixin.parseStatementLike (C:\Users\jaget\Desktop\Online Event AI\node_modules\@babel\parser\lib\index.js:12767:17)
    at TypeScriptParserMixin.parseStatementOrSloppyAnnexBFunctionDeclaration (C:\Users\jaget\Desktop\Online Event AI\node_modules\@babel\parser\lib\index.js:12757:17)
    at TypeScriptParserMixin.parseLabeledStatement (C:\Users\jaget\Desktop\Online Event AI\node_modules\@babel\parser\lib\index.js:13278:34)
    at TypeScriptParserMixin.parseStatementContent (C:\Users\jaget\Desktop\Online Event AI\node_modules\@babel\parser\lib\index.js:12897:19)
    at TypeScriptParserMixin.parseStatementContent (C:\Users\jaget\Desktop\Online Event AI\node_modules\@babel\parser\lib\index.js:9508:18)
    at TypeScriptParserMixin.parseStatementLike (C:\Users\jaget\Desktop\Online Event AI\node_modules\@babel\parser\lib\index.js:12767:17)
    at TypeScriptParserMixin.parseModuleItem (C:\Users\jaget\Desktop\Online Event AI\node_modules\@babel\parser\lib\index.js:12744:17)
    at TypeScriptParserMixin.parseBlockOrModuleBlockBody (C:\Users\jaget\Desktop\Online Event AI\node_modules\@babel\parser\lib\index.js:13316:36)
    at TypeScriptParserMixin.parseBlockBody (C:\Users\jaget\Desktop\Online Event AI\node_modules\@babel\parser\lib\index.js:13309:10)
    at TypeScriptParserMixin.parseProgram (C:\Users\jaget\Desktop\Online Event AI\node_modules\@babel\parser\lib\index.js:12622:10)
    at TypeScriptParserMixin.parseTopLevel (C:\Users\jaget\Desktop\Online Event AI\node_modules\@babel\parser\lib\index.js:12612:25)
    at TypeScriptParserMixin.parse (C:\Users\jaget\Desktop\Online Event AI\node_modules\@babel\parser\lib\index.js:14488:25)
    at TypeScriptParserMixin.parse (C:\Users\jaget\Desktop\Online Event AI\node_modules\@babel\parser\lib\index.js:10126:18)
    at parse (C:\Users\jaget\Desktop\Online Event AI\node_modules\@babel\parser\lib\index.js:14501:26)
    at parser (C:\Users\jaget\Desktop\Online Event AI\node_modules\@babel\core\lib\parser\index.js:41:34)
    at parser.next (<anonymous>)
    at normalizeFile (C:\Users\jaget\Desktop\Online Event AI\node_modules\@babel\core\lib\transformation\normalize-file.js:64:37)
    at normalizeFile.next (<anonymous>)
    at run (C:\Users\jaget\Desktop\Online Event AI\node_modules\@babel\core\lib\transformation\index.js:22:50)
    at run.next (<anonymous>)
    at transform (C:\Users\jaget\Desktop\Online Event AI\node_modules\@babel\core\lib\transform.js:22:33)
    at transform.next (<anonymous>)
    at evaluateSync (C:\Users\jaget\Desktop\Online Event AI\node_modules\gensync\index.js:251:28)
    at sync (C:\Users\jaget\Desktop\Online Event AI\node_modules\gensync\index.js:89:14)
    at stopHiding - secret - don't use this - v1 (C:\Users\jaget\Desktop\Online Event AI\node_modules\@babel\core\lib\errors\rewrite-stack-trace.js:47:12)
    at Object.transformSync (C:\Users\jaget\Desktop\Online Event AI\node_modules\@babel\core\lib\transform.js:40:76)
    at parseWithBabel (C:\Users\jaget\Desktop\Online Event AI\node_modules\@expo\metro-config\build\transformSync.js:75:18)
    at transformSync (C:\Users\jaget\Desktop\Online Event AI\node_modules\@expo\metro-config\build\transformSync.js:54:16)
    at Object.transform (C:\Users\jaget\Desktop\Online Event AI\node_modules\@expo\metro-config\build\babel-transformer.js:127:58)
    at Object.transform (C:\Users\jaget\Desktop\Online Event AI\node_modules\@rork-ai\toolkit-sdk\metro\transformer.js:128:30)
    at transformJSWithBabel (C:\Users\jaget\Desktop\Online Event AI\node_modules\@expo\metro-config\build\transform-worker\metro-transform-worker.js:468:47)
    at Object.transform (C:\Users\jaget\Desktop\Online Event AI\node_modules\@expo\metro-config\build\transform-worker\metro-transform-worker.js:583:12)
 ERROR  SyntaxError: C:\Users\jaget\Desktop\Online Event AI\app\home.tsx: Missing semicolon. (645:10)

  643 |   spotlightCard: {
  644 |     marginHorizontal: 20,
> 645 |     height: 220,
      |           ^
  646 |   },
  647 |   spotlightImage: {
  648 |     width: '100%',
    at constructor (C:\Users\jaget\Desktop\Online Event AI\node_modules\@babel\parser\lib\index.js:365:19)
    at TypeScriptParserMixin.raise (C:\Users\jaget\Desktop\Online Event AI\node_modules\@babel\parser\lib\index.js:6599:19)
    at TypeScriptParserMixin.semicolon (C:\Users\jaget\Desktop\Online Event AI\node_modules\@babel\parser\lib\index.js:6895:10)
    at TypeScriptParserMixin.parseExpressionStatement (C:\Users\jaget\Desktop\Online Event AI\node_modules\@babel\parser\lib\index.js:13285:10)
    at TypeScriptParserMixin.parseStatementContent (C:\Users\jaget\Desktop\Online Event AI\node_modules\@babel\parser\lib\index.js:12899:19)
    at TypeScriptParserMixin.parseStatementContent (C:\Users\jaget\Desktop\Online Event AI\node_modules\@babel\parser\lib\index.js:9508:18)
    at TypeScriptParserMixin.parseStatementLike (C:\Users\jaget\Desktop\Online Event AI\node_modules\@babel\parser\lib\index.js:12767:17)
    at TypeScriptParserMixin.parseStatement (C:\Users\jaget\Desktop\Online Event AI\node_modules\@babel\parser\lib\index.js:12760:17)
    at TypeScriptParserMixin.parseLabeledStatement (C:\Users\jaget\Desktop\Online Event AI\node_modules\@babel\parser\lib\index.js:13278:95)
    at TypeScriptParserMixin.parseStatementContent (C:\Users\jaget\Desktop\Online Event AI\node_modules\@babel\parser\lib\index.js:12897:19)
    at TypeScriptParserMixin.parseStatementContent (C:\Users\jaget\Desktop\Online Event AI\node_modules\@babel\parser\lib\index.js:9508:18)
    at TypeScriptParserMixin.parseStatementLike (C:\Users\jaget\Desktop\Online Event AI\node_modules\@babel\parser\lib\index.js:12767:17)
    at TypeScriptParserMixin.parseStatementListItem (C:\Users\jaget\Desktop\Online Event AI\node_modules\@babel\parser\lib\index.js:12747:17)
    at TypeScriptParserMixin.parseBlockOrModuleBlockBody (C:\Users\jaget\Desktop\Online Event AI\node_modules\@babel\parser\lib\index.js:13316:61)
    at TypeScriptParserMixin.parseBlockBody (C:\Users\jaget\Desktop\Online Event AI\node_modules\@babel\parser\lib\index.js:13309:10)
    at TypeScriptParserMixin.parseBlock (C:\Users\jaget\Desktop\Online Event AI\node_modules\@babel\parser\lib\index.js:13297:10)
    at TypeScriptParserMixin.parseStatementContent (C:\Users\jaget\Desktop\Online Event AI\node_modules\@babel\parser\lib\index.js:12858:21)
    at TypeScriptParserMixin.parseStatementContent (C:\Users\jaget\Desktop\Online Event AI\node_modules\@babel\parser\lib\index.js:9508:18)
    at TypeScriptParserMixin.parseStatementLike (C:\Users\jaget\Desktop\Online Event AI\node_modules\@babel\parser\lib\index.js:12767:17)
    at TypeScriptParserMixin.parseStatementOrSloppyAnnexBFunctionDeclaration (C:\Users\jaget\Desktop\Online Event AI\node_modules\@babel\parser\lib\index.js:12757:17)
    at TypeScriptParserMixin.parseLabeledStatement (C:\Users\jaget\Desktop\Online Event AI\node_modules\@babel\parser\lib\index.js:13278:34)
    at TypeScriptParserMixin.parseStatementContent (C:\Users\jaget\Desktop\Online Event AI\node_modules\@babel\parser\lib\index.js:12897:19)
    at TypeScriptParserMixin.parseStatementContent (C:\Users\jaget\Desktop\Online Event AI\node_modules\@babel\parser\lib\index.js:9508:18)
    at TypeScriptParserMixin.parseStatementLike (C:\Users\jaget\Desktop\Online Event AI\node_modules\@babel\parser\lib\index.js:12767:17)
    at TypeScriptParserMixin.parseModuleItem (C:\Users\jaget\Desktop\Online Event AI\node_modules\@babel\parser\lib\index.js:12744:17)
    at TypeScriptParserMixin.parseBlockOrModuleBlockBody (C:\Users\jaget\Desktop\Online Event AI\node_modules\@babel\parser\lib\index.js:13316:36)
    at TypeScriptParserMixin.parseBlockBody (C:\Users\jaget\Desktop\Online Event AI\node_modules\@babel\parser\lib\index.js:13309:10)
    at TypeScriptParserMixin.parseProgram (C:\Users\jaget\Desktop\Online Event AI\node_modules\@babel\parser\lib\index.js:12622:10)
    at TypeScriptParserMixin.parseTopLevel (C:\Users\jaget\Desktop\Online Event AI\node_modules\@babel\parser\lib\index.js:12612:25)
    at TypeScriptParserMixin.parse (C:\Users\jaget\Desktop\Online Event AI\node_modules\@babel\parser\lib\index.js:14488:25)
    at TypeScriptParserMixin.parse (C:\Users\jaget\Desktop\Online Event AI\node_modules\@babel\parser\lib\index.js:10126:18)
    at parse (C:\Users\jaget\Desktop\Online Event AI\node_modules\@babel\parser\lib\index.js:14501:26)
    at parser (C:\Users\jaget\Desktop\Online Event AI\node_modules\@babel\core\lib\parser\index.js:41:34)
    at parser.next (<anonymous>)
    at normalizeFile (C:\Users\jaget\Desktop\Online Event AI\node_modules\@babel\core\lib\transformation\normalize-file.js:64:37)
    at normalizeFile.next (<anonymous>)
    at run (C:\Users\jaget\Desktop\Online Event AI\node_modules\@babel\core\lib\transformation\index.js:22:50)
    at run.next (<anonymous>)
    at transform (C:\Users\jaget\Desktop\Online Event AI\node_modules\@babel\core\lib\transform.js:22:33)
    at transform.next (<anonymous>)
    at evaluateSync (C:\Users\jaget\Desktop\Online Event AI\node_modules\gensync\index.js:251:28)
    at sync (C:\Users\jaget\Desktop\Online Event AI\node_modules\gensync\index.js:89:14)
    at stopHiding - secret - don't use this - v1 (C:\Users\jaget\Desktop\Online Event AI\node_modules\@babel\core\lib\errors\rewrite-stack-trace.js:47:12)
    at Object.transformSync (C:\Users\jaget\Desktop\Online Event AI\node_modules\@babel\core\lib\transform.js:40:76)
    at parseWithBabel (C:\Users\jaget\Desktop\Online Event AI\node_modules\@expo\metro-config\build\transformSync.js:75:18)
    at transformSync (C:\Users\jaget\Desktop\Online Event AI\node_modules\@expo\metro-config\build\transformSync.js:54:16)
    at Object.transform (C:\Users\jaget\Desktop\Online Event AI\node_modules\@expo\metro-config\build\babel-transformer.js:127:58)
    at Object.transform (C:\Users\jaget\Desktop\Online Event AI\node_modules\@rork-ai\toolkit-sdk\metro\transformer.js:128:30)
    at transformJSWithBabel (C:\Users\jaget\Desktop\Online Event AI\node_modules\@expo\metro-config\build\transform-worker\metro-transform-worker.js:468:47)
    at Object.transform (C:\Users\jaget\Desktop\Online Event AI\node_modules\@expo\metro-config\build\transform-worker\metro-transform-worker.js:583:12)
 ERROR  SyntaxError: C:\Users\jaget\Desktop\Online Event AI\app\home.tsx: Missing semicolon. (645:10)

  643 |   spotlightCard: {
  644 |     marginHorizontal: 20,
> 645 |     height: 220,
      |           ^
  646 |   },
  647 |   spotlightImage: {
  648 |     width: '100%',
    at constructor (C:\Users\jaget\Desktop\Online Event AI\node_modules\@babel\parser\lib\index.js:365:19)
    at TypeScriptParserMixin.raise (C:\Users\jaget\Desktop\Online Event AI\node_modules\@babel\parser\lib\index.js:6599:19)
    at TypeScriptParserMixin.semicolon (C:\Users\jaget\Desktop\Online Event AI\node_modules\@babel\parser\lib\index.js:6895:10)
    at TypeScriptParserMixin.parseExpressionStatement (C:\Users\jaget\Desktop\Online Event AI\node_modules\@babel\parser\lib\index.js:13285:10)
    at TypeScriptParserMixin.parseStatementContent (C:\Users\jaget\Desktop\Online Event AI\node_modules\@babel\parser\lib\index.js:12899:19)
    at TypeScriptParserMixin.parseStatementContent (C:\Users\jaget\Desktop\Online Event AI\node_modules\@babel\parser\lib\index.js:9508:18)
    at TypeScriptParserMixin.parseStatementLike (C:\Users\jaget\Desktop\Online Event AI\node_modules\@babel\parser\lib\index.js:12767:17)
    at TypeScriptParserMixin.parseStatement (C:\Users\jaget\Desktop\Online Event AI\node_modules\@babel\parser\lib\index.js:12760:17)
    at TypeScriptParserMixin.parseLabeledStatement (C:\Users\jaget\Desktop\Online Event AI\node_modules\@babel\parser\lib\index.js:13278:95)
    at TypeScriptParserMixin.parseStatementContent (C:\Users\jaget\Desktop\Online Event AI\node_modules\@babel\parser\lib\index.js:12897:19)
    at TypeScriptParserMixin.parseStatementContent (C:\Users\jaget\Desktop\Online Event AI\node_modules\@babel\parser\lib\index.js:9508:18)
    at TypeScriptParserMixin.parseStatementLike (C:\Users\jaget\Desktop\Online Event AI\node_modules\@babel\parser\lib\index.js:12767:17)
    at TypeScriptParserMixin.parseStatementListItem (C:\Users\jaget\Desktop\Online Event AI\node_modules\@babel\parser\lib\index.js:12747:17)
    at TypeScriptParserMixin.parseBlockOrModuleBlockBody (C:\Users\jaget\Desktop\Online Event AI\node_modules\@babel\parser\lib\index.js:13316:61)
    at TypeScriptParserMixin.parseBlockBody (C:\Users\jaget\Desktop\Online Event AI\node_modules\@babel\parser\lib\index.js:13309:10)
    at TypeScriptParserMixin.parseBlock (C:\Users\jaget\Desktop\Online Event AI\node_modules\@babel\parser\lib\index.js:13297:10)
    at TypeScriptParserMixin.parseStatementContent (C:\Users\jaget\Desktop\Online Event AI\node_modules\@babel\parser\lib\index.js:12858:21)
    at TypeScriptParserMixin.parseStatementContent (C:\Users\jaget\Desktop\Online Event AI\node_modules\@babel\parser\lib\index.js:9508:18)
    at TypeScriptParserMixin.parseStatementLike (C:\Users\jaget\Desktop\Online Event AI\node_modules\@babel\parser\lib\index.js:12767:17)
    at TypeScriptParserMixin.parseStatementOrSloppyAnnexBFunctionDeclaration (C:\Users\jaget\Desktop\Online Event AI\node_modules\@babel\parser\lib\index.js:12757:17)
    at TypeScriptParserMixin.parseLabeledStatement (C:\Users\jaget\Desktop\Online Event AI\node_modules\@babel\parser\lib\index.js:13278:34)
    at TypeScriptParserMixin.parseStatementContent (C:\Users\jaget\Desktop\Online Event AI\node_modules\@babel\parser\lib\index.js:12897:19)
    at TypeScriptParserMixin.parseStatementContent (C:\Users\jaget\Desktop\Online Event AI\node_modules\@babel\parser\lib\index.js:9508:18)
    at TypeScriptParserMixin.parseStatementLike (C:\Users\jaget\Desktop\Online Event AI\node_modules\@babel\parser\lib\index.js:12767:17)
    at TypeScriptParserMixin.parseModuleItem (C:\Users\jaget\Desktop\Online Event AI\node_modules\@babel\parser\lib\index.js:12744:17)
    at TypeScriptParserMixin.parseBlockOrModuleBlockBody (C:\Users\jaget\Desktop\Online Event AI\node_modules\@babel\parser\lib\index.js:13316:36)
    at TypeScriptParserMixin.parseBlockBody (C:\Users\jaget\Desktop\Online Event AI\node_modules\@babel\parser\lib\index.js:13309:10)
    at TypeScriptParserMixin.parseProgram (C:\Users\jaget\Desktop\Online Event AI\node_modules\@babel\parser\lib\index.js:12622:10)
    at TypeScriptParserMixin.parseTopLevel (C:\Users\jaget\Desktop\Online Event AI\node_modules\@babel\parser\lib\index.js:12612:25)
    at TypeScriptParserMixin.parse (C:\Users\jaget\Desktop\Online Event AI\node_modules\@babel\parser\lib\index.js:14488:25)
    at TypeScriptParserMixin.parse (C:\Users\jaget\Desktop\Online Event AI\node_modules\@babel\parser\lib\index.js:10126:18)
    at parse (C:\Users\jaget\Desktop\Online Event AI\node_modules\@babel\parser\lib\index.js:14501:26)
    at parser (C:\Users\jaget\Desktop\Online Event AI\node_modules\@babel\core\lib\parser\index.js:41:34)
    at parser.next (<anonymous>)
    at normalizeFile (C:\Users\jaget\Desktop\Online Event AI\node_modules\@babel\core\lib\transformation\normalize-file.js:64:37)
    at normalizeFile.next (<anonymous>)
    at run (C:\Users\jaget\Desktop\Online Event AI\node_modules\@babel\core\lib\transformation\index.js:22:50)
    at run.next (<anonymous>)
    at transform (C:\Users\jaget\Desktop\Online Event AI\node_modules\@babel\core\lib\transform.js:22:33)
    at transform.next (<anonymous>)
    at evaluateSync (C:\Users\jaget\Desktop\Online Event AI\node_modules\gensync\index.js:251:28)
    at sync (C:\Users\jaget\Desktop\Online Event AI\node_modules\gensync\index.js:89:14)
    at stopHiding - secret - don't use this - v1 (C:\Users\jaget\Desktop\Online Event AI\node_modules\@babel\core\lib\errors\rewrite-stack-trace.js:47:12)
    at Object.transformSync (C:\Users\jaget\Desktop\Online Event AI\node_modules\@babel\core\lib\transform.js:40:76)
    at parseWithBabel (C:\Users\jaget\Desktop\Online Event AI\node_modules\@expo\metro-config\build\transformSync.js:75:18)
    at transformSync (C:\Users\jaget\Desktop\Online Event AI\node_modules\@expo\metro-config\build\transformSync.js:54:16)
    at Object.transform (C:\Users\jaget\Desktop\Online Event AI\node_modules\@expo\metro-config\build\babel-transformer.js:127:58)
    at Object.transform (C:\Users\jaget\Desktop\Online Event AI\node_modules\@rork-ai\toolkit-sdk\metro\transformer.js:128:30)
    at transformJSWithBabel (C:\Users\jaget\Desktop\Online Event AI\node_modules\@expo\metro-config\build\transform-worker\metro-transform-worker.js:468:47)
    at Object.transform (C:\Users\jaget\Desktop\Online Event AI\node_modules\@expo\metro-config\build\transform-worker\metro-transform-worker.js:583:12)
Web node_modules\expo-router\entry.js ░░░░░░░░░░░░░░░░  0.0% (0/1)
Web Bundled 86ms node_modules\expo-router\entry.js (1 module)
 LOG  [web] Logs will appear in the browser console
Web node_modules\expo-router\entry.js ░░░░░░░░░░░░░░░░  0.0% (0/1)
Web Bundled 124ms node_modules\expo-router\entry.js (1 module)
 LOG  [web] Logs will appear in the browser console
Web node_modules\expo-router\entry.js ░░░░░░░░░░░░░░░░  0.0% (0/1)
Web Bundled 74ms node_modules\expo-router\entry.js (1 module)
 LOG  [web] Logs will appear in the browser console
Web node_modules\expo-router\entry.js ░░░░░░░░░░░░░░░░  0.0% (0/1)
Web Bundled 77ms node_modules\expo-router\entry.js (1 module)
 LOG  [web] Logs will appear in the browser console
Web node_modules\expo-router\entry.js ░░░░░░░░░░░░░░░░  0.0% (0/1)
Web Bundled 77ms node_modules\expo-router\entry.js (1 module)
 LOG  [web] Logs will appear in the browser console
Web node_modules\expo-router\entry.js ░░░░░░░░░░░░░░░░  0.0% (0/1)
Web Bundled 72ms node_modules\expo-router\entry.js (1 module)
 LOG  [web] Logs will appear in the browser console
Web node_modules\expo-router\entry.js ░░░░░░░░░░░░░░░░  0.0% (0/1)
Web Bundled 66ms node_modules\expo-router\entry.js (1 module)
 LOG  [web] Logs will appear in the browser console
Web node_modules\expo-router\entry.js ░░░░░░░░░░░░░░░░  0.0% (0/1)
Web Bundled 66ms node_modules\expo-router\entry.js (1 module)
 LOG  [web] Logs will appear in the browser console
Web node_modules\expo-router\entry.js ░░░░░░░░░░░░░░░░  0.0% (0/1)
Web Bundled 69ms node_modules\expo-router\entry.js (1 module)
 LOG  [web] Logs will appear in the browser console
Web node_modules\expo-router\entry.js ░░░░░░░░░░░░░░░░  0.0% (0/1)
Web Bundled 278ms node_modules\expo-router\entry.js (1 module)
 LOG  [web] Logs will appear in the browser console
Web node_modules\expo-router\entry.js ░░░░░░░░░░░░░░░░  0.0% (0/1)
Web Bundled 80ms node_modules\expo-router\entry.js (1 module)
 LOG  [web] Logs will appear in the browser console
error: script "start-web-dev" exited with code 4
